  Converter.cpp
C:\opencv\build\include\opencv2\core\mat.hpp(1965,1): warning C4819: 현재 코드 페이지(949)에서 표시할 수 없는 문자가 파일에 들어 있습니다. 데이터가 손실되지 않게 하려면 해당 파일을 유니코드 형식으로 저장하십시오.
C:\opencv\build\include\opencv2\core\persistence.hpp(1,1): warning C4819: 현재 코드 페이지(949)에서 표시할 수 없는 문자가 파일에 들어 있습니다. 데이터가 손실되지 않게 하려면 해당 파일을 유니코드 형식으로 저장하십시오.
C:\opencv\build\include\opencv2\core\utility.hpp(1,1): warning C4819: 현재 코드 페이지(949)에서 표시할 수 없는 문자가 파일에 들어 있습니다. 데이터가 손실되지 않게 하려면 해당 파일을 유니코드 형식으로 저장하십시오.
C:\opencv\build\include\opencv2\core\utility.hpp(1,1): warning C4819: 현재 코드 페이지(949)에서 표시할 수 없는 문자가 파일에 들어 있습니다. 데이터가 손실되지 않게 하려면 해당 파일을 유니코드 형식으로 저장하십시오.
C:\Users\pc\Documents\GitHub\Object-Tracking-\Main\Main\Converter.cpp(19,12): warning C4244: '초기화 중': 'double'에서 'float'(으)로 변환하면서 데이터가 손실될 수 있습니다.
C:\Users\pc\Documents\GitHub\Object-Tracking-\Main\Main\Converter.cpp(20,12): warning C4244: '초기화 중': 'double'에서 'float'(으)로 변환하면서 데이터가 손실될 수 있습니다.
C:\Users\pc\Documents\GitHub\Object-Tracking-\Main\Main\Converter.cpp(21,12): warning C4244: '초기화 중': 'double'에서 'float'(으)로 변환하면서 데이터가 손실될 수 있습니다.
  Region.cpp
C:\opencv\build\include\opencv2\core\mat.hpp(1965,1): warning C4819: 현재 코드 페이지(949)에서 표시할 수 없는 문자가 파일에 들어 있습니다. 데이터가 손실되지 않게 하려면 해당 파일을 유니코드 형식으로 저장하십시오.
C:\opencv\build\include\opencv2\core\persistence.hpp(1,1): warning C4819: 현재 코드 페이지(949)에서 표시할 수 없는 문자가 파일에 들어 있습니다. 데이터가 손실되지 않게 하려면 해당 파일을 유니코드 형식으로 저장하십시오.
C:\opencv\build\include\opencv2\core\utility.hpp(1,1): warning C4819: 현재 코드 페이지(949)에서 표시할 수 없는 문자가 파일에 들어 있습니다. 데이터가 손실되지 않게 하려면 해당 파일을 유니코드 형식으로 저장하십시오.
C:\opencv\build\include\opencv2\core\utility.hpp(1,1): warning C4819: 현재 코드 페이지(949)에서 표시할 수 없는 문자가 파일에 들어 있습니다. 데이터가 손실되지 않게 하려면 해당 파일을 유니코드 형식으로 저장하십시오.
C:\Users\pc\Documents\GitHub\Object-Tracking-\Main\Main\Region.cpp(10,32): warning C4305: '초기화 중': 'double'에서 'float'(으)로 잘립니다.
C:\Users\pc\Documents\GitHub\Object-Tracking-\Main\Main\Region.cpp(11,29): warning C4305: '초기화 중': 'double'에서 'float'(으)로 잘립니다.
C:\Users\pc\Documents\GitHub\Object-Tracking-\Main\Main\Region.cpp(12,25): warning C4305: '초기화 중': 'double'에서 'float'(으)로 잘립니다.
C:\Users\pc\Documents\GitHub\Object-Tracking-\Main\Main\Region.cpp(15,54): warning C4244: '인수': 'float'에서 '_Tp'(으)로 변환하면서 데이터가 손실될 수 있습니다.
          with
          [
              _Tp=int
          ]
C:\Users\pc\Documents\GitHub\Object-Tracking-\Main\Main\Region.cpp(16,63): warning C4244: '인수': 'float'에서 '_Tp'(으)로 변환하면서 데이터가 손실될 수 있습니다.
          with
          [
              _Tp=int
          ]
C:\Users\pc\Documents\GitHub\Object-Tracking-\Main\Main\Region.cpp(16,51): warning C4244: '인수': 'float'에서 '_Tp'(으)로 변환하면서 데이터가 손실될 수 있습니다.
          with
          [
              _Tp=int
          ]
C:\Users\pc\Documents\GitHub\Object-Tracking-\Main\Main\Region.cpp(17,71): warning C4244: '인수': 'float'에서 '_Tp'(으)로 변환하면서 데이터가 손실될 수 있습니다.
          with
          [
              _Tp=int
          ]
C:\Users\pc\Documents\GitHub\Object-Tracking-\Main\Main\Region.cpp(17,26): warning C4244: '인수': 'float'에서 '_Tp'(으)로 변환하면서 데이터가 손실될 수 있습니다.
          with
          [
              _Tp=int
          ]
C:\Users\pc\Documents\GitHub\Object-Tracking-\Main\Main\Region.cpp(18,26): warning C4244: '인수': 'float'에서 '_Tp'(으)로 변환하면서 데이터가 손실될 수 있습니다.
          with
          [
              _Tp=int
          ]
  코드를 생성하고 있습니다...
  Main.vcxproj -> C:\Users\pc\Documents\GitHub\Object-Tracking-\Main\x64\Debug\Main.exe
